<?xml version="1.0" encoding="UTF-8"?>
<testng-results ignored="0" total="1" passed="1" failed="0" skipped="0">
  <reporter-output>
  </reporter-output>
  <suite started-at="2021-12-21T02:42:37 PST" name="Default suite" finished-at="2021-12-21T02:43:51 PST" duration-ms="74137">
    <groups>
    </groups>
    <test started-at="2021-12-21T02:42:37 PST" name="Default test" finished-at="2021-12-21T02:43:51 PST" duration-ms="74137">
      <class name="Testcases.Loginpage">
        <test-method signature="Login()[pri:0, instance:Testcases.Loginpage@6b4a4e18]" started-at="2021-12-21T02:42:37 PST" name="Login" finished-at="2021-12-21T02:43:51 PST" duration-ms="74016" status="PASS">
          <reporter-output>
          </reporter-output>
        </test-method> <!-- Login -->
      </class> <!-- Testcases.Loginpage -->
    </test> <!-- Default test -->
  </suite> <!-- Default suite -->
</testng-results>
